<?xml version="1.0" encoding="UTF-8"?>
<!-- Generated by org.testng.reporters.JUnitReportReporter -->
<testsuite skipped="0" hostname="N004776" name="Calculator" tests="1" failures="0" timestamp="11 mar 2019 19:32:33 GMT" time="11.804" errors="0">
  <testcase name="testCal" time="11.804" classname="Calculator"/>
</testsuite> <!-- Calculator -->
